<?xml version="1.0" encoding="UTF-8"?>
<testsuite xmlns:xsi="http://www.w3.org/2001/XMLSchema-instance" xsi:noNamespaceSchemaLocation="https://maven.apache.org/surefire/maven-surefire-plugin/xsd/surefire-test-report-3.0.xsd" version="3.0" name="TestSuite" time="1.08" tests="3" errors="0" skipped="2" failures="1">
  <properties>
[...]
</properties>
  <testcase name="setup" classname="com.learnautomation.testcases.LoginTestCRm" time="0.894">
    <failure message="&#10;Parameter &apos;browser&apos; is required by BeforeClass on method setup but has not been marked @Optional or defined&#10;in C:\Users\Sudhansu\git\repository\Framework1\XMLfiles\testng.xml" type="org.testng.TestNGException"><![CDATA[org.testng.TestNGException: 

Parameter 'browser' is required by BeforeClass on method setup but has not been marked @Optional or defined
in C:\Users\Sudhansu\git\repository\Framework1\XMLfiles\testng.xml
]]></failure>
    <system-out><![CDATA[Setting up reports and tests started
Testinng can be done
]]></system-out>
  </testcase>
  <testcase name="loginApp" classname="com.learnautomation.testcases.LoginTestCRm" time="0">
    <skipped message="&#10;Parameter &apos;browser&apos; is required by BeforeClass on method setup but has not been marked @Optional or defined&#10;in C:\Users\Sudhansu\git\repository\Framework1\XMLfiles\testng.xml"/>
  </testcase>
  <testcase name="tearDown" classname="com.learnautomation.testcases.LoginTestCRm" time="0">
    <skipped/>
  </testcase>
</testsuite>